<?xml version="1.0" encoding="UTF-8"?>
<!-- Generated by org.testng.reporters.JUnitReportReporter -->
<testsuite skipped="1" hostname="Amits-MacBook-Air.local" name="raf.testcases.TC001_GET_WeatherOfCity" tests="6" failures="0" timestamp="05 Nov 2019 19:20:01 GMT" time="0.043" errors="0">
  <testcase name="testStatusCodeValidation" time="0.003" classname="raf.testcases.TC001_GET_WeatherOfCity"/>
  <testcase name="testResponseBodyValidation" time="0.026" classname="raf.testcases.TC001_GET_WeatherOfCity"/>
  <testcase name="testStatusLineValidation" time="0.001" classname="raf.testcases.TC001_GET_WeatherOfCity"/>
  <testcase name="testResponseTimeValidation" time="0.003" classname="raf.testcases.TC001_GET_WeatherOfCity"/>
  <testcase name="testContentTypeValidation" time="0.010" classname="raf.testcases.TC001_GET_WeatherOfCity"/>
  <testcase name="testHeaderTypes" classname="raf.testcases.TC001_GET_WeatherOfCity">
    <skipped/>
  </testcase> <!-- testHeaderTypes -->
</testsuite> <!-- raf.testcases.TC001_GET_WeatherOfCity -->
